<?xml version="1.0" encoding="utf-8" standalone="no"?>
<!--This file represents the results of running a test suite-->
<test-results name="C:\Users\Mikki\Documents\Visual Studio 2010\Projects\NUnitTest_Circle\NUnitTest_Circle\bin\Debug\NUnitTest_Circle.dll" total="4" errors="0" failures="0" not-run="0" inconclusive="0" ignored="0" skipped="0" invalid="0" date="2012-03-19" time="11:43:04">
  <environment nunit-version="2.6.0.12051" clr-version="2.0.50727.5448" os-version="Microsoft Windows NT 6.1.7601 Service Pack 1" platform="Win32NT" cwd="C:\Users\Mikki\Documents\Visual Studio 2010\Projects\NUnitTest_Circle\NUnitTest_Circle\bin\Debug" machine-name="MIKKI-PC" user="Mikki" user-domain="Mikki-PC" />
  <culture-info current-culture="en-US" current-uiculture="en-US" />
  <test-suite type="Assembly" name="C:\Users\Mikki\Documents\Visual Studio 2010\Projects\NUnitTest_Circle\NUnitTest_Circle\bin\Debug\NUnitTest_Circle.dll" executed="True" result="Success" success="True" time="0.385" asserts="0">
    <results>
      <test-suite type="Namespace" name="NUnitTest_Circle" executed="True" result="Success" success="True" time="0.318" asserts="0">
        <results>
          <test-suite type="TestFixture" name="CircleTest" executed="True" result="Success" success="True" time="0.309" asserts="0">
            <results>
              <test-case name="NUnitTest_Circle.CircleTest.TestCircle2" executed="True" result="Success" success="True" time="0.161" asserts="1" />
              <test-case name="NUnitTest_Circle.CircleTest.TestCircleArea" executed="True" result="Success" success="True" time="0.001" asserts="1" />
              <test-case name="NUnitTest_Circle.CircleTest.TestCircleCircuference" executed="True" result="Success" success="True" time="0.000" asserts="1" />
              <test-case name="NUnitTest_Circle.CircleTest.TestCircleRadiusSet" executed="True" result="Success" success="True" time="0.005" asserts="1" />
            </results>
          </test-suite>
        </results>
      </test-suite>
    </results>
  </test-suite>
</test-results>